<?xml version="1.0" encoding="UTF-8"?>
<testng-results ignored="0" total="1" passed="1" failed="0" skipped="0">
  <reporter-output>
  </reporter-output>
  <suite started-at="2021-07-05T09:28:24 IDT" name="Default suite" finished-at="2021-07-05T09:28:27 IDT" duration-ms="2875">
    <groups>
    </groups>
    <test started-at="2021-07-05T09:28:24 IDT" name="Default test" finished-at="2021-07-05T09:28:27 IDT" duration-ms="2875">
      <class name="GetAllUsers">
        <test-method signature="getAllUsers()[pri:0, instance:GetAllUsers@52102734]" started-at="2021-07-05T09:28:24 IDT" name="getAllUsers" finished-at="2021-07-05T09:28:27 IDT" duration-ms="2839" status="PASS">
          <reporter-output>
          </reporter-output>
        </test-method> <!-- getAllUsers -->
      </class> <!-- GetAllUsers -->
    </test> <!-- Default test -->
  </suite> <!-- Default suite -->
</testng-results>
